[0.509s] Invoking command in '/home/ludofw/mygitrepos/depthai2know/ROS2/simple_vdo_pubsub/src/simple_mono_pubsub': PS1=$(__virtualenv_ps1) gonze:\[\e[42m\]\W/\[\e[0m\] \[\e[91m\]$(parse_git_branch) \[\e[00m\]$ PYTHONPATH=/home/ludofw/mygitrepos/depthai2know/ROS2/simple_vdo_pubsub/build/simple_mono_pubsub/prefix_override:/usr/lib/python3/dist-packages/colcon_core/task/python/colcon_distutils_commands:/home/ludofw/mygitrepos/depthai2know/ROS2/simple_vdo_pubsub/install/simple_mono_pubsub/lib/python3.10/site-packages:${PYTHONPATH} /usr/bin/python3 -W ignore:setup.py install is deprecated setup.py egg_info --egg-base ../../build/simple_mono_pubsub build --build-base /home/ludofw/mygitrepos/depthai2know/ROS2/simple_vdo_pubsub/build/simple_mono_pubsub/build install --record /home/ludofw/mygitrepos/depthai2know/ROS2/simple_vdo_pubsub/build/simple_mono_pubsub/install.log --single-version-externally-managed install_data
[0.657s] running egg_info
[0.657s] creating ../../build/simple_mono_pubsub/simple_mono_pubsub.egg-info
[0.724s] writing ../../build/simple_mono_pubsub/simple_mono_pubsub.egg-info/PKG-INFO
[0.724s] writing dependency_links to ../../build/simple_mono_pubsub/simple_mono_pubsub.egg-info/dependency_links.txt
[0.724s] writing entry points to ../../build/simple_mono_pubsub/simple_mono_pubsub.egg-info/entry_points.txt
[0.724s] writing requirements to ../../build/simple_mono_pubsub/simple_mono_pubsub.egg-info/requires.txt
[0.724s] writing top-level names to ../../build/simple_mono_pubsub/simple_mono_pubsub.egg-info/top_level.txt
[0.725s] writing manifest file '../../build/simple_mono_pubsub/simple_mono_pubsub.egg-info/SOURCES.txt'
[0.745s] reading manifest file '../../build/simple_mono_pubsub/simple_mono_pubsub.egg-info/SOURCES.txt'
[0.745s] writing manifest file '../../build/simple_mono_pubsub/simple_mono_pubsub.egg-info/SOURCES.txt'
[0.745s] running build
[0.745s] running build_py
[0.745s] creating /home/ludofw/mygitrepos/depthai2know/ROS2/simple_vdo_pubsub/build/simple_mono_pubsub/build
[0.745s] creating /home/ludofw/mygitrepos/depthai2know/ROS2/simple_vdo_pubsub/build/simple_mono_pubsub/build/lib
[0.745s] creating /home/ludofw/mygitrepos/depthai2know/ROS2/simple_vdo_pubsub/build/simple_mono_pubsub/build/lib/simple_mono_pubsub
[0.745s] copying simple_mono_pubsub/mono_preview_sub.py -> /home/ludofw/mygitrepos/depthai2know/ROS2/simple_vdo_pubsub/build/simple_mono_pubsub/build/lib/simple_mono_pubsub
[0.745s] copying simple_mono_pubsub/__init__.py -> /home/ludofw/mygitrepos/depthai2know/ROS2/simple_vdo_pubsub/build/simple_mono_pubsub/build/lib/simple_mono_pubsub
[0.745s] copying simple_mono_pubsub/mono_preview_pub.py -> /home/ludofw/mygitrepos/depthai2know/ROS2/simple_vdo_pubsub/build/simple_mono_pubsub/build/lib/simple_mono_pubsub
[0.746s] running install
[0.749s] running install_lib
[0.759s] creating /home/ludofw/mygitrepos/depthai2know/ROS2/simple_vdo_pubsub/install/simple_mono_pubsub/lib/python3.10/site-packages/simple_mono_pubsub
[0.759s] copying /home/ludofw/mygitrepos/depthai2know/ROS2/simple_vdo_pubsub/build/simple_mono_pubsub/build/lib/simple_mono_pubsub/mono_preview_sub.py -> /home/ludofw/mygitrepos/depthai2know/ROS2/simple_vdo_pubsub/install/simple_mono_pubsub/lib/python3.10/site-packages/simple_mono_pubsub
[0.759s] copying /home/ludofw/mygitrepos/depthai2know/ROS2/simple_vdo_pubsub/build/simple_mono_pubsub/build/lib/simple_mono_pubsub/__init__.py -> /home/ludofw/mygitrepos/depthai2know/ROS2/simple_vdo_pubsub/install/simple_mono_pubsub/lib/python3.10/site-packages/simple_mono_pubsub
[0.759s] copying /home/ludofw/mygitrepos/depthai2know/ROS2/simple_vdo_pubsub/build/simple_mono_pubsub/build/lib/simple_mono_pubsub/mono_preview_pub.py -> /home/ludofw/mygitrepos/depthai2know/ROS2/simple_vdo_pubsub/install/simple_mono_pubsub/lib/python3.10/site-packages/simple_mono_pubsub
[0.759s] byte-compiling /home/ludofw/mygitrepos/depthai2know/ROS2/simple_vdo_pubsub/install/simple_mono_pubsub/lib/python3.10/site-packages/simple_mono_pubsub/mono_preview_sub.py to mono_preview_sub.cpython-310.pyc
[0.759s] byte-compiling /home/ludofw/mygitrepos/depthai2know/ROS2/simple_vdo_pubsub/install/simple_mono_pubsub/lib/python3.10/site-packages/simple_mono_pubsub/__init__.py to __init__.cpython-310.pyc
[0.759s] byte-compiling /home/ludofw/mygitrepos/depthai2know/ROS2/simple_vdo_pubsub/install/simple_mono_pubsub/lib/python3.10/site-packages/simple_mono_pubsub/mono_preview_pub.py to mono_preview_pub.cpython-310.pyc
[0.760s] running install_data
[0.760s] creating /home/ludofw/mygitrepos/depthai2know/ROS2/simple_vdo_pubsub/install/simple_mono_pubsub/share/ament_index
[0.760s] creating /home/ludofw/mygitrepos/depthai2know/ROS2/simple_vdo_pubsub/install/simple_mono_pubsub/share/ament_index/resource_index
[0.760s] creating /home/ludofw/mygitrepos/depthai2know/ROS2/simple_vdo_pubsub/install/simple_mono_pubsub/share/ament_index/resource_index/packages
[0.760s] copying resource/simple_mono_pubsub -> /home/ludofw/mygitrepos/depthai2know/ROS2/simple_vdo_pubsub/install/simple_mono_pubsub/share/ament_index/resource_index/packages
[0.760s] copying package.xml -> /home/ludofw/mygitrepos/depthai2know/ROS2/simple_vdo_pubsub/install/simple_mono_pubsub/share/simple_mono_pubsub
[0.760s] running install_egg_info
[0.770s] Copying ../../build/simple_mono_pubsub/simple_mono_pubsub.egg-info to /home/ludofw/mygitrepos/depthai2know/ROS2/simple_vdo_pubsub/install/simple_mono_pubsub/lib/python3.10/site-packages/simple_mono_pubsub-0.0.0-py3.10.egg-info
[0.770s] running install_scripts
[0.793s] Installing listener script to /home/ludofw/mygitrepos/depthai2know/ROS2/simple_vdo_pubsub/install/simple_mono_pubsub/lib/simple_mono_pubsub
[0.793s] Installing talker script to /home/ludofw/mygitrepos/depthai2know/ROS2/simple_vdo_pubsub/install/simple_mono_pubsub/lib/simple_mono_pubsub
[0.793s] writing list of installed files to '/home/ludofw/mygitrepos/depthai2know/ROS2/simple_vdo_pubsub/build/simple_mono_pubsub/install.log'
[0.811s] Invoked command in '/home/ludofw/mygitrepos/depthai2know/ROS2/simple_vdo_pubsub/src/simple_mono_pubsub' returned '0': PS1=$(__virtualenv_ps1) gonze:\[\e[42m\]\W/\[\e[0m\] \[\e[91m\]$(parse_git_branch) \[\e[00m\]$ PYTHONPATH=/home/ludofw/mygitrepos/depthai2know/ROS2/simple_vdo_pubsub/build/simple_mono_pubsub/prefix_override:/usr/lib/python3/dist-packages/colcon_core/task/python/colcon_distutils_commands:/home/ludofw/mygitrepos/depthai2know/ROS2/simple_vdo_pubsub/install/simple_mono_pubsub/lib/python3.10/site-packages:${PYTHONPATH} /usr/bin/python3 -W ignore:setup.py install is deprecated setup.py egg_info --egg-base ../../build/simple_mono_pubsub build --build-base /home/ludofw/mygitrepos/depthai2know/ROS2/simple_vdo_pubsub/build/simple_mono_pubsub/build install --record /home/ludofw/mygitrepos/depthai2know/ROS2/simple_vdo_pubsub/build/simple_mono_pubsub/install.log --single-version-externally-managed install_data
